[    0.000000] Initializing cgroup subsys cpuset
[    0.000000] Initializing cgroup subsys cpu
[    0.000000] Initializing cgroup subsys cpuacct
[    0.000000] Linux version 4.4.0-210-generic (buildd@lgw01-amd64-009) (gcc version 5.4.0 20160609 (Ubuntu 5.4.0-6ubuntu1~16.04.12) ) #242-Ubuntu SMP Fri Apr 16 09:57:56 UTC 2021 (Ubuntu 4.4.0-210.242-generic 4.4.262)
[    0.000000] Command line: BOOT_IMAGE=/boot/vmlinuz-4.4.0-210-generic root=LABEL=cloudimg-rootfs ro console=tty1 console=ttyS0
[    0.000000] KERNEL supported cpus:
[    0.000000]   Intel GenuineIntel
[    0.000000]   AMD AuthenticAMD
[    0.000000]   Centaur CentaurHauls
[    0.000000] x86/fpu: xstate_offset[2]:  576, xstate_sizes[2]:  256
[    0.000000] x86/fpu: Supporting XSAVE feature 0x01: 'x87 floating point registers'
[    0.000000] x86/fpu: Supporting XSAVE feature 0x02: 'SSE registers'
[    0.000000] x86/fpu: Supporting XSAVE feature 0x04: 'AVX registers'
[    0.000000] x86/fpu: Enabled xstate features 0x7, context size is 832 bytes, using 'standard' format.
[    0.000000] e820: BIOS-provided physical RAM map:
[    0.000000] BIOS-e820: [mem 0x0000000000000000-0x000000000009fbff] usable
[    0.000000] BIOS-e820: [mem 0x000000000009fc00-0x000000000009ffff] reserved
[    0.000000] BIOS-e820: [mem 0x00000000000f0000-0x00000000000fffff] reserved
[    0.000000] BIOS-e820: [mem 0x0000000000100000-0x000000003ffeffff] usable
[    0.000000] BIOS-e820: [mem 0x000000003fff0000-0x000000003fffffff] ACPI data
[    0.000000] BIOS-e820: [mem 0x00000000fec00000-0x00000000fec00fff] reserved
[    0.000000] BIOS-e820: [mem 0x00000000fee00000-0x00000000fee00fff] reserved
[    0.000000] BIOS-e820: [mem 0x00000000fffc0000-0x00000000ffffffff] reserved
[    0.000000] NX (Execute Disable) protection: active
[    0.000000] SMBIOS 2.5 present.
[    0.000000] Hypervisor detected: KVM
[    0.000000] Kernel/User page tables isolation: disabled
[    0.000000] e820: last_pfn = 0x3fff0 max_arch_pfn = 0x400000000
[    0.000000] MTRR: Disabled
[    0.000000] x86/PAT: MTRRs disabled, skipping PAT initialization too.
[    0.000000] CPU MTRRs all blank - virtualized system.
[    0.000000] x86/PAT: Configuration [0-7]: WB  WT  UC- UC  WB  WT  UC- UC  
[    0.000000] found SMP MP-table at [mem 0x0009fff0-0x0009ffff] mapped at [ffff88000009fff0]
[    0.000000] Scanning 1 areas for low memory corruption
[    0.000000] RAMDISK: [mem 0x362de000-0x37166fff]
[    0.000000] ACPI: Early table checksum verification disabled
[    0.000000] ACPI: RSDP 0x00000000000E0000 000024 (v02 VBOX  )
[    0.000000] ACPI: XSDT 0x000000003FFF0030 00003C (v01 VBOX   VBOXXSDT 00000001 ASL  00000061)
[    0.000000] ACPI: FACP 0x000000003FFF00F0 0000F4 (v04 VBOX   VBOXFACP 00000001 ASL  00000061)
[    0.000000] ACPI: DSDT 0x000000003FFF0470 002325 (v02 VBOX   VBOXBIOS 00000002 INTL 20100528)
[    0.000000] ACPI: FACS 0x000000003FFF0200 000040
[    0.000000] ACPI: FACS 0x000000003FFF0200 000040
[    0.000000] ACPI: APIC 0x000000003FFF0240 00005C (v02 VBOX   VBOXAPIC 00000001 ASL  00000061)
[    0.000000] ACPI: SSDT 0x000000003FFF02A0 0001CC (v01 VBOX   VBOXCPUT 00000002 INTL 20100528)
[    0.000000] No NUMA configuration found
[    0.000000] Faking a node at [mem 0x0000000000000000-0x000000003ffeffff]
[    0.000000] NODE_DATA(0) allocated [mem 0x3ffeb000-0x3ffeffff]
[    0.000000] kvm-clock: Using msrs 4b564d01 and 4b564d00
[    0.000000] kvm-clock: cpu 0, msr 0:3ffe3001, primary cpu clock
[    0.000000] kvm-clock: using sched offset of 3087177532 cycles
[    0.000000] clocksource: kvm-clock: mask: 0xffffffffffffffff max_cycles: 0x1cd42e4dffb, max_idle_ns: 881590591483 ns
[    0.000000] Zone ranges:
[    0.000000]   DMA      [mem 0x0000000000001000-0x0000000000ffffff]
[    0.000000]   DMA32    [mem 0x0000000001000000-0x000000003ffeffff]
[    0.000000]   Normal   empty
[    0.000000]   Device   empty
[    0.000000] Movable zone start for each node
[    0.000000] Early memory node ranges
[    0.000000]   node   0: [mem 0x0000000000001000-0x000000000009efff]
[    0.000000]   node   0: [mem 0x0000000000100000-0x000000003ffeffff]
[    0.000000] Initmem setup node 0 [mem 0x0000000000001000-0x000000003ffeffff]
[    0.000000] ACPI: PM-Timer IO Port: 0x4008
[    0.000000] IOAPIC[0]: apic_id 2, version 32, address 0xfec00000, GSI 0-23
[    0.000000] ACPI: INT_SRC_OVR (bus 0 bus_irq 0 global_irq 2 dfl dfl)
[    0.000000] ACPI: INT_SRC_OVR (bus 0 bus_irq 9 global_irq 9 low level)
[    0.000000] Using ACPI (MADT) for SMP configuration information
[    0.000000] smpboot: Allowing 2 CPUs, 0 hotplug CPUs
[    0.000000] PM: Registered nosave memory: [mem 0x00000000-0x00000fff]
[    0.000000] PM: Registered nosave memory: [mem 0x0009f000-0x0009ffff]
[    0.000000] PM: Registered nosave memory: [mem 0x000a0000-0x000effff]
[    0.000000] PM: Registered nosave memory: [mem 0x000f0000-0x000fffff]
[    0.000000] e820: [mem 0x40000000-0xfebfffff] available for PCI devices
[    0.000000] Booting paravirtualized kernel on KVM
[    0.000000] clocksource: refined-jiffies: mask: 0xffffffff max_cycles: 0xffffffff, max_idle_ns: 7645519600211568 ns
[    0.000000] setup_percpu: NR_CPUS:512 nr_cpumask_bits:512 nr_cpu_ids:2 nr_node_ids:1
[    0.000000] PERCPU: Embedded 33 pages/cpu @ffff88003fc00000 s95192 r8192 d31784 u1048576
[    0.000000] Built 1 zonelists in Node order, mobility grouping on.  Total pages: 257912
[    0.000000] Policy zone: DMA32
[    0.000000] Kernel command line: BOOT_IMAGE=/boot/vmlinuz-4.4.0-210-generic root=LABEL=cloudimg-rootfs ro console=tty1 console=ttyS0
[    0.000000] PID hash table entries: 4096 (order: 3, 32768 bytes)
[    0.000000] Memory: 997796K/1048120K available (8644K kernel code, 1332K rwdata, 4044K rodata, 1492K init, 1164K bss, 50324K reserved, 0K cma-reserved)
[    0.000000] SLUB: HWalign=64, Order=0-3, MinObjects=0, CPUs=2, Nodes=1
[    0.000000] Hierarchical RCU implementation.
[    0.000000] 	Build-time adjustment of leaf fanout to 64.
[    0.000000] 	RCU restricting CPUs from NR_CPUS=512 to nr_cpu_ids=2.
[    0.000000] RCU: Adjusting geometry for rcu_fanout_leaf=64, nr_cpu_ids=2
[    0.000000] NR_IRQS:33024 nr_irqs:440 16
[    0.000000] Console: colour VGA+ 80x25
[    0.000000] console [tty1] enabled
[    0.000000] console [ttyS0] enabled
[    0.000000] tsc: Detected 2904.004 MHz processor
[    0.120169] Calibrating delay loop (skipped) preset value.. 5808.00 BogoMIPS (lpj=11616016)
[    0.121745] pid_max: default: 32768 minimum: 301
[    0.122507] ACPI: Core revision 20150930
[    0.123977] ACPI: 2 ACPI AML tables successfully acquired and loaded
[    0.125114] Security Framework initialized
[    0.125827] Yama: becoming mindful.
[    0.126473] AppArmor: AppArmor initialized
[    0.127228] Dentry cache hash table entries: 131072 (order: 8, 1048576 bytes)
[    0.128399] Inode-cache hash table entries: 65536 (order: 7, 524288 bytes)
[    0.130459] Mount-cache hash table entries: 2048 (order: 2, 16384 bytes)
[    0.131679] Mountpoint-cache hash table entries: 2048 (order: 2, 16384 bytes)
[    0.132837] Initializing cgroup subsys io
[    0.133505] Initializing cgroup subsys memory
[    0.134286] Initializing cgroup subsys devices
[    0.135038] Initializing cgroup subsys freezer
[    0.135915] Initializing cgroup subsys net_cls
[    0.136624] Initializing cgroup subsys perf_event
[    0.137540] Initializing cgroup subsys net_prio
[    0.138268] Initializing cgroup subsys hugetlb
[    0.139011] Initializing cgroup subsys pids
[    0.140676] mce: CPU supports 0 MCE banks
[    0.141421] Last level iTLB entries: 4KB 64, 2MB 8, 4MB 8
[    0.142404] Last level dTLB entries: 4KB 64, 2MB 0, 4MB 0, 1GB 4
[    0.143576] Spectre V1 : Mitigation: usercopy/swapgs barriers and __user pointer sanitization
[    0.145107] Spectre V2 : Mitigation: Full generic retpoline
[    0.145944] Spectre V2 : Spectre v2 / SpectreRSB mitigation: Filling RSB on context switch
[    0.147284] Speculative Store Bypass: Vulnerable
[    0.150387] Freeing SMP alternatives memory: 36K
[    0.156779] ftrace: allocating 32380 entries in 127 pages
[    0.211035] smpboot: APIC(0) Converting physical 0 to logical package 0
[    0.212094] smpboot: Max logical packages: 1
[    0.213153] x2apic enabled
[    0.214061] Switched APIC routing to physical x2apic.
[    0.215971] ..TIMER: vector=0x30 apic1=0 pin1=2 apic2=-1 pin2=-1
[    0.324950] smpboot: CPU0: Intel(R) Core(TM) i5-10400F CPU @ 2.90GHz (family: 0x6, model: 0xa5, stepping: 0x3)
[    0.326782] Performance Events: unsupported p6 CPU model 165 no PMU driver, software events only.
[    0.335222] KVM setup paravirtual spinlock
[    0.336481] x86: Booting SMP configuration:
[    0.337195] .... node  #0, CPUs:      #1
[    0.338065] kvm-clock: cpu 1, msr 0:3ffe3041, secondary cpu clock
[    0.339749] mce: CPU supports 0 MCE banks
[    0.342177] x86: Booted up 1 node, 2 CPUs
[    0.343011] smpboot: Total of 2 processors activated (11616.01 BogoMIPS)
[    0.344304] devtmpfs: initialized
[    0.346486] evm: security.selinux
[    0.347068] evm: security.SMACK64
[    0.347651] evm: security.SMACK64EXEC
[    0.348271] evm: security.SMACK64TRANSMUTE
[    0.348986] evm: security.SMACK64MMAP
[    0.349633] evm: security.ima
[    0.350177] evm: security.capability
[    0.350908] clocksource: jiffies: mask: 0xffffffff max_cycles: 0xffffffff, max_idle_ns: 7645041785100000 ns
[    0.352461] futex hash table entries: 512 (order: 3, 32768 bytes)
[    0.353456] pinctrl core: initialized pinctrl subsystem
[    0.354432] RTC time:  7:27:08, date: 06/10/21
[    0.356219] NET: Registered protocol family 16
[    0.368940] cpuidle: using governor ladder
[    0.382305] cpuidle: using governor menu
[    0.383032] PCCT header not found.
[    0.383682] ACPI: bus type PCI registered
[    0.384377] acpiphp: ACPI Hot Plug PCI Controller Driver version: 0.5
[    0.385420] PCI: Using configuration type 1 for base access
[    0.397716] ACPI: Added _OSI(Module Device)
[    0.398397] ACPI: Added _OSI(Processor Device)
[    0.399105] ACPI: Added _OSI(3.0 _SCP Extensions)
[    0.399846] ACPI: Added _OSI(Processor Aggregator Device)
[    0.401460] ACPI: Executed 1 blocks of module-level executable AML code
[    0.404854] ACPI: Interpreter enabled
[    0.405647] ACPI: (supports S0 S5)
[    0.406243] ACPI: Using IOAPIC for interrupt routing
[    0.407159] PCI: Using host bridge windows from ACPI; if necessary, use "pci=nocrs" and report a bug
[    0.411332] ACPI: PCI Root Bridge [PCI0] (domain 0000 [bus 00-ff])
[    0.412244] acpi PNP0A03:00: _OSC: OS supports [ASPM ClockPM Segments MSI]
[    0.413489] acpi PNP0A03:00: _OSC: not requesting OS control; OS requires [ExtendedConfig ASPM ClockPM MSI]
[    0.415009] acpi PNP0A03:00: fail to add MMCONFIG information, can't access extended PCI configuration space under this bridge.
[    0.416917] PCI host bridge to bus 0000:00
[    0.417612] pci_bus 0000:00: root bus resource [io  0x0000-0x0cf7 window]
[    0.418640] pci_bus 0000:00: root bus resource [io  0x0d00-0xffff window]
[    0.419622] pci_bus 0000:00: root bus resource [mem 0x000a0000-0x000bffff window]
[    0.420830] pci_bus 0000:00: root bus resource [mem 0x40000000-0xfdffffff window]
[    0.422081] pci_bus 0000:00: root bus resource [bus 00-ff]
[    0.424422] pci 0000:00:01.1: legacy IDE quirk: reg 0x10: [io  0x01f0-0x01f7]
[    0.425464] pci 0000:00:01.1: legacy IDE quirk: reg 0x14: [io  0x03f6]
[    0.426412] pci 0000:00:01.1: legacy IDE quirk: reg 0x18: [io  0x0170-0x0177]
[    0.427480] pci 0000:00:01.1: legacy IDE quirk: reg 0x1c: [io  0x0376]
[    0.436030] pci 0000:00:07.0: quirk: [io  0x4000-0x403f] claimed by PIIX4 ACPI
[    0.446245] pci 0000:00:07.0: quirk: [io  0x4100-0x410f] claimed by PIIX4 SMB
[    0.452547] ACPI: PCI Interrupt Link [LNKA] (IRQs 5 9 10 *11)
[    0.453982] ACPI: PCI Interrupt Link [LNKB] (IRQs 5 9 *10 11)
[    0.455375] ACPI: PCI Interrupt Link [LNKC] (IRQs 5 *9 10 11)
[    0.456615] ACPI: PCI Interrupt Link [LNKD] (IRQs 5 9 10 *11)
[    0.458018] ACPI: Enabled 2 GPEs in block 00 to 07
[    0.459213] vgaarb: setting as boot device: PCI:0000:00:02.0
[    0.460047] vgaarb: device added: PCI:0000:00:02.0,decodes=io+mem,owns=io+mem,locks=none
[    0.461354] vgaarb: loaded
[    0.461869] vgaarb: bridge control possible 0000:00:02.0
[    0.463035] SCSI subsystem initialized
[    0.463821] ACPI: bus type USB registered
[    0.464520] usbcore: registered new interface driver usbfs
[    0.465379] usbcore: registered new interface driver hub
[    0.466204] usbcore: registered new device driver usb
[    0.467129] PCI: Using ACPI for IRQ routing
[    0.468128] NetLabel: Initializing
[    0.468742] NetLabel:  domain hash size = 128
[    0.469455] NetLabel:  protocols = UNLABELED CIPSOv4
[    0.470314] NetLabel:  unlabeled traffic allowed by default
[    0.471303] amd_nb: Cannot enumerate AMD northbridges
[    0.472114] clocksource: Switched to clocksource kvm-clock
[    0.478585] AppArmor: AppArmor Filesystem Enabled
[    0.479455] pnp: PnP ACPI init
[    0.480791] pnp: PnP ACPI: found 3 devices
[    0.489281] clocksource: acpi_pm: mask: 0xffffff max_cycles: 0xffffff, max_idle_ns: 2085701024 ns
[    0.490732] NET: Registered protocol family 2
[    0.491789] TCP established hash table entries: 8192 (order: 4, 65536 bytes)
[    0.493041] TCP bind hash table entries: 8192 (order: 5, 131072 bytes)
[    0.494163] TCP: Hash tables configured (established 8192 bind 8192)
[    0.495126] UDP hash table entries: 512 (order: 2, 16384 bytes)
[    0.496004] UDP-Lite hash table entries: 512 (order: 2, 16384 bytes)
[    0.497031] NET: Registered protocol family 1
[    0.497740] pci 0000:00:00.0: Limiting direct PCI/PCI transfers
[    0.498806] pci 0000:00:01.0: Activating ISA DMA hang workarounds
[    0.500728] Unpacking initramfs...
[    0.727729] Freeing initrd memory: 14884K
[    0.728516] clocksource: tsc: mask: 0xffffffffffffffff max_cycles: 0x29dc09beef1, max_idle_ns: 440795310252 ns
[    0.730057] platform rtc_cmos: registered platform RTC device (no PNP device found)
[    0.731331] Scanning for low memory corruption every 60 seconds
[    0.732516] audit: initializing netlink subsys (disabled)
[    0.733355] audit: type=2000 audit(1623310033.664:1): initialized
[    0.734471] Initialise system trusted keyring
[    0.735382] HugeTLB registered 2 MB page size, pre-allocated 0 pages
[    0.737278] zbud: loaded
[    0.738058] VFS: Disk quotas dquot_6.6.0
[    0.738729] VFS: Dquot-cache hash table entries: 512 (order 0, 4096 bytes)
[    0.739860] squashfs: version 4.0 (2009/01/31) Phillip Lougher
[    0.741832] fuse init (API version 7.23)
[    0.742588] Key type big_key registered
[    0.743243] Allocating IMA MOK and blacklist keyrings.
[    0.744976] Key type asymmetric registered
[    0.745652] Asymmetric key parser 'x509' registered
[    0.746448] Block layer SCSI generic (bsg) driver version 0.4 loaded (major 249)
[    0.747706] io scheduler noop registered
[    0.748360] io scheduler deadline registered (default)
[    0.749203] io scheduler cfq registered
[    0.749922] pci_hotplug: PCI Hot Plug PCI Core version: 0.5
[    0.750781] pciehp: PCI Express Hot Plug Controller Driver version: 0.4
[    0.751842] ACPI: AC Adapter [AC] (on-line)
[    0.752614] input: Power Button as /devices/LNXSYSTM:00/LNXPWRBN:00/input/input0
[    0.753810] ACPI: Power Button [PWRF]
[    0.754493] input: Sleep Button as /devices/LNXSYSTM:00/LNXSLPBN:00/input/input1
[    0.755698] ACPI: Sleep Button [SLPF]
[    0.756461] GHES: HEST is not enabled!
[    0.757152] Serial: 8250/16550 driver, 32 ports, IRQ sharing enabled
[    0.778498] 00:02: ttyS0 at I/O 0x3f8 (irq = 4, base_baud = 115200) is a 16550A
[    0.780534] Linux agpgart interface v0.103
[    0.782227] loop: module loaded
[    0.783234] scsi host0: ata_piix
[    0.783934] scsi host1: ata_piix
[    0.784558] ata1: PATA max UDMA/33 cmd 0x1f0 ctl 0x3f6 bmdma 0xd000 irq 14
[    0.785551] ata2: PATA max UDMA/33 cmd 0x170 ctl 0x376 bmdma 0xd008 irq 15
[    0.786607] libphy: Fixed MDIO Bus: probed
[    0.787306] tun: Universal TUN/TAP device driver, 1.6
[    0.788078] tun: (C) 1999-2004 Max Krasnyansky <maxk@qualcomm.com>
[    0.789090] PPP generic driver version 2.4.2
[    0.789834] ehci_hcd: USB 2.0 'Enhanced' Host Controller (EHCI) Driver
[    0.790782] ehci-pci: EHCI PCI platform driver
[    0.791490] ehci-platform: EHCI generic platform driver
[    0.792309] ohci_hcd: USB 1.1 'Open' Host Controller (OHCI) Driver
[    0.793273] ohci-pci: OHCI PCI platform driver
[    0.793996] ohci-platform: OHCI generic platform driver
[    0.794796] uhci_hcd: USB Universal Host Controller Interface driver
[    0.795760] i8042: PNP: PS/2 Controller [PNP0303:PS2K,PNP0f03:PS2M] at 0x60,0x64 irq 1,12
[    0.797479] serio: i8042 KBD port at 0x60,0x64 irq 1
[    0.798252] serio: i8042 AUX port at 0x60,0x64 irq 12
[    0.799128] mousedev: PS/2 mouse device common for all mice
[    0.800518] input: AT Translated Set 2 keyboard as /devices/platform/i8042/serio0/input/input2
[    0.801941] rtc_cmos rtc_cmos: rtc core: registered rtc_cmos as rtc0
[    0.803005] rtc_cmos rtc_cmos: alarms up to one day, 114 bytes nvram
[    0.803961] i2c /dev entries driver
[    0.804638] device-mapper: uevent: version 1.0.3
[    0.805411] device-mapper: ioctl: 4.34.0-ioctl (2015-10-28) initialised: dm-devel@redhat.com
[    0.806741] ledtrig-cpu: registered to indicate activity on CPUs
[    0.807875] NET: Registered protocol family 10
[    0.808776] NET: Registered protocol family 17
[    0.809489] Key type dns_resolver registered
[    0.810328] registered taskstats version 1
[    0.811014] Loading compiled-in X.509 certificates
[    0.812190] Loaded X.509 cert 'Build time autogenerated kernel key: cf00e047681d67edb2720680708b7d9498083038'
[    0.813749] zswap: loaded using pool lzo/zbud
[    0.815666] Key type trusted registered
[    0.818259] Key type encrypted registered
[    0.818934] AppArmor: AppArmor sha1 policy hashing enabled
[    0.819757] ima: No TPM chip found, activating TPM-bypass!
[    0.820618] ima: Allocated hash algorithm: sha1
[    0.821361] evm: HMAC attrs: 0x1
[    0.822200]   Magic number: 9:417:470
[    0.822965] rtc_cmos rtc_cmos: setting system clock to 2021-06-10 07:27:08 UTC (1623310028)
[    0.824387] BIOS EDD facility v0.16 2004-Jun-25, 0 devices found
[    0.825255] EDD information not available.
[    1.096355] Freeing unused kernel memory: 1492K
[    1.097111] Write protecting the kernel read-only data: 14336k
[    1.098245] Freeing unused kernel memory: 1584K
[    1.099097] Freeing unused kernel memory: 52K
Loading, please wait...
starting version 229
[    1.107827] random: systemd-udevd: uninitialized urandom read (16 bytes read, 3 bits of entropy available)
[    1.108117] random: udevadm: uninitialized urandom read (16 bytes read, 3 bits of entropy available)
[    1.108151] random: udevadm: uninitialized urandom read (16 bytes read, 3 bits of entropy available)
[    1.112620] random: systemd-udevd: uninitialized urandom read (16 bytes read, 3 bits of entropy available)
[    1.112743] random: udevadm: uninitialized urandom read (16 bytes read, 3 bits of entropy available)
[    1.112771] random: udevadm: uninitialized urandom read (16 bytes read, 3 bits of entropy available)
[    1.112851] random: udevadm: uninitialized urandom read (16 bytes read, 3 bits of entropy available)
[    1.112880] random: udevadm: uninitialized urandom read (16 bytes read, 3 bits of entropy available)
[    1.112907] random: udevadm: uninitialized urandom read (16 bytes read, 3 bits of entropy available)
[    1.112936] random: udevadm: uninitialized urandom read (16 bytes read, 3 bits of entropy available)
[    1.138433] e1000: Intel(R) PRO/1000 Network Driver - version 7.3.21-k8-NAPI
[    1.139463] e1000: Copyright (c) 1999-2006 Intel Corporation.
[    1.140476] Fusion MPT base driver 3.04.20
[    1.141163] Copyright (c) 1999-2008 LSI Corporation
[    1.144683] Fusion MPT SPI Host driver 3.04.20
[    1.157778] AVX2 version of gcm_enc/dec engaged.
[    1.158523] AES CTR mode by8 optimization enabled
[    1.345661] input: ImExPS/2 Generic Explorer Mouse as /devices/platform/i8042/serio1/input/input4
[    1.492824] e1000 0000:00:03.0 eth0: (PCI:33MHz:32-bit) 02:ed:98:3c:8e:82
[    1.493825] e1000 0000:00:03.0 eth0: Intel(R) PRO/1000 Network Connection
[    1.847819] e1000 0000:00:08.0 eth1: (PCI:33MHz:32-bit) 08:00:27:59:3d:47
[    1.848826] e1000 0000:00:08.0 eth1: Intel(R) PRO/1000 Network Connection
[    1.850805] e1000 0000:00:03.0 enp0s3: renamed from eth0
[    1.852384] mptbase: ioc0: Initiating bringup
[    1.860591] e1000 0000:00:08.0 enp0s8: renamed from eth1
[    2.247387] ioc0: LSI53C1030 A0: Capabilities={Initiator}
[    4.074990] scsi host2: ioc0: LSI53C1030 A0, FwRev=00000000h, Ports=1, MaxQ=256, IRQ=20
[    5.805332] scsi 2:0:0:0: Direct-Access     VBOX     HARDDISK         1.0  PQ: 0 ANSI: 5
[    5.806644] scsi target2:0:0: Beginning Domain Validation
[    5.808815] scsi target2:0:0: Domain Validation skipping write tests
[    5.810058] scsi target2:0:0: Ending Domain Validation
[    5.810950] scsi target2:0:0: asynchronous
[    5.811946] scsi 2:0:1:0: Direct-Access     VBOX     HARDDISK         1.0  PQ: 0 ANSI: 5
[    5.813301] scsi target2:0:1: Beginning Domain Validation
[    5.814845] scsi target2:0:1: Domain Validation skipping write tests
[    5.815769] scsi target2:0:1: Ending Domain Validation
[    5.825226] scsi target2:0:1: asynchronous
[    5.832653] sd 2:0:0:0: [sda] 83886080 512-byte logical blocks: (42.9 GB/40.0 GiB)
[    5.832794] sd 2:0:0:0: Attached scsi generic sg0 type 0
[    5.833143] sd 2:0:1:0: Attached scsi generic sg1 type 0
[    5.833182] sd 2:0:1:0: [sdb] 20480 512-byte logical blocks: (10.5 MB/10.0 MiB)
[    5.833396] sd 2:0:1:0: [sdb] Write Protect is off
[    5.833469] sd 2:0:1:0: [sdb] Incomplete mode parameter data
[    5.833470] sd 2:0:1:0: [sdb] Assuming drive cache: write through
[    5.835103] sd 2:0:1:0: [sdb] Attached SCSI disk
[    5.840365] sd 2:0:0:0: [sda] Write Protect is off
[    5.841202] sd 2:0:0:0: [sda] Incomplete mode parameter data
[    5.842042] sd 2:0:0:0: [sda] Assuming drive cache: write through
[    5.843874]  sda: sda1
[    5.844842] sd 2:0:0:0: [sda] Attached SCSI disk
Begin: Loading essential drivers ... [    7.104476] md: linear personality registered for level -1
[    7.106904] md: multipath personality registered for level -4
[    7.109320] md: raid0 personality registered for level 0
[    7.112621] md: raid1 personality registered for level 1
[    7.184134] raid6: sse2x1   gen() 11570 MB/s
[    7.252364] raid6: sse2x1   xor()  7804 MB/s
[    7.320260] raid6: sse2x2   gen() 16468 MB/s
[    7.388183] raid6: sse2x2   xor() 10869 MB/s
[    7.456177] raid6: sse2x4   gen() 18091 MB/s
[    7.524127] raid6: sse2x4   xor() 10846 MB/s
[    7.592584] raid6: avx2x1   gen() 24033 MB/s
[    7.660490] raid6: avx2x2   gen() 31602 MB/s
[    7.728445] raid6: avx2x4   gen() 34008 MB/s
[    7.729173] raid6: using algorithm avx2x4 gen() 34008 MB/s
[    7.730008] raid6: using avx2x2 recovery algorithm
[    7.731583] xor: automatically using best checksumming function:
[    7.772632]    avx       : 28901.000 MB/sec
[    7.774583] async_tx: api initialized (async)
[    7.782379] md: raid6 personality registered for level 6
[    7.783357] md: raid5 personality registered for level 5
[    7.784287] md: raid4 personality registered for level 4
[    7.789346] md: raid10 personality registered for level 10
done.
Begin: Running /scripts/init-premount ... done.
Begin: Mounting root file system ... Begin: Running /scripts/local-top ... done.
Begin: Running /scripts/local-premount ... [    7.812644] Btrfs loaded
Scanning for Btrfs filesystems
done.
Warning: fsck not present, so skipping root file system
[    7.831077] EXT4-fs (sda1): INFO: recovery required on readonly filesystem
[    7.832168] EXT4-fs (sda1): write access will be enabled during recovery
[    7.862015] EXT4-fs (sda1): orphan cleanup on readonly fs
[    7.862865] EXT4-fs (sda1): 1 orphan inode deleted
[    7.863618] EXT4-fs (sda1): recovery complete
[    7.864678] EXT4-fs (sda1): mounted filesystem with ordered data mode. Opts: (null)
done.
Begin: Running /scripts/local-bottom ... done.
Begin: Running /scripts/init-bottom ... done.
[    7.925416] systemd[1]: systemd 229 running in system mode. (+PAM +AUDIT +SELINUX +IMA +APPARMOR +SMACK +SYSVINIT +UTMP +LIBCRYPTSETUP +GCRYPT +GNUTLS +ACL +XZ -LZ4 +SECCOMP +BLKID +ELFUTILS +KMOD -IDN)
[    7.927997] systemd[1]: Detected virtualization oracle.
[    7.928861] systemd[1]: Detected architecture x86-64.

Welcome to [1mUbuntu 16.04.7 LTS[0m!

[    7.931935] systemd[1]: Set hostname to <ubuntu-xenial>.
[    8.020547] systemd[1]: Reached target Swap.
[[0;32m  OK  [0m] Reached target Swap.
[    8.021849] systemd[1]: Listening on LVM2 poll daemon socket.
[[0;32m  OK  [0m] Listening on LVM2 poll daemon socket.
[    8.023412] systemd[1]: Listening on udev Control Socket.
[[0;32m  OK  [0m] Listening on udev Control Socket.
[    8.024879] systemd[1]: Listening on Journal Socket (/dev/log).
[[0;32m  OK  [0m] Listening on Journal Socket (/dev/log).
[    8.026426] systemd[1]: Listening on LVM2 metadata daemon socket.
[[0;32m  OK  [0m] Listening on LVM2 metadata daemon socket.
[    8.028071] systemd[1]: Set up automount Arbitrary Executable File Formats File System Automount Point.
[[0;32m  OK  [0m] Set up automount Arbitrary Executab...ats File System Automount Point.
[    8.030442] systemd[1]: Listening on Syslog Socket.
[[0;32m  OK  [0m] Listening on Syslog Socket.
[    8.031807] systemd[1]: Listening on Journal Audit Socket.
[[0;32m  OK  [0m] Listening on Journal Audit Socket.
[    8.033480] systemd[1]: Created slice User and Session Slice.
[[0;32m  OK  [0m] Created slice User and Session Slice.
[    8.034979] systemd[1]: Listening on udev Kernel Socket.
[[0;32m  OK  [0m] Listening on udev Kernel Socket.
[    8.036571] systemd[1]: Created slice System Slice.
[[0;32m  OK  [0m] Created slice System Slice.
[    8.044381] systemd[1]: Reached target Slices.
[[0;32m  OK  [0m] Reached target Slices.
[    8.045675] systemd[1]: Reached target User and Group Name Lookups.
[[0;32m  OK  [0m] Reached target User and Group Name Lookups.
[    8.047331] systemd[1]: Listening on Device-mapper event daemon FIFOs.
[[0;32m  OK  [0m] Listening on Device-mapper event daemon FIFOs.
[    8.049050] systemd[1]: Started Trigger resolvconf update for networkd DNS.
[[0;32m  OK  [0m] Started Trigger resolvconf update for networkd DNS.
[    8.050805] systemd[1]: Listening on /dev/initctl Compatibility Named Pipe.
[[0;32m  OK  [0m] Listening on /dev/initctl Compatibility Named Pipe.
[    8.052454] systemd[1]: Reached target Encrypted Volumes.
[[0;32m  OK  [0m] Reached target Encrypted Volumes.
[    8.053916] systemd[1]: Reached target System Time Synchronized.
[[0;32m  OK  [0m] Reached target System Time Synchronized.
[    8.055639] systemd[1]: Created slice system-serial\x2dgetty.slice.
[[0;32m  OK  [0m] Created slice system-serial\x2dgetty.slice.
[    8.057280] systemd[1]: Listening on fsck to fsckd communication Socket.
[[0;32m  OK  [0m] Listening on fsck to fsckd communication Socket.
[    8.058969] systemd[1]: Listening on Journal Socket.
[[0;32m  OK  [0m] Listening on Journal Socket.
[    8.072739] systemd[1]: Starting Set console keymap...
         Starting Set console keymap...
[    8.074771] systemd[1]: Mounting Huge Pages File System...
         Mounting Huge Pages File System...
[    8.076676] systemd[1]: Starting Monitoring of LVM2 mirrors, snapshots etc. using dmeventd or progress polling...
         Starting Monitoring of LVM2 mirrors... dmeventd or progress polling...
[    8.080563] systemd[1]: Starting Load Kernel Modules...
         Starting Load Kernel Modules...
[    8.083219] systemd[1]: Starting Uncomplicated firewall...
         Starting Uncomplicated firewall...
[    8.085447] systemd[1]: Mounting POSIX Message Queue File System...
         Mounting POSIX Message Queue File System...
[    8.088650] systemd[1]: Starting Nameserver information manager...
         Starting Nameserver information manager...
[    8.090387] Loading iSCSI transport class v2.0-870.
[    8.091435] systemd[1]: Starting Journal Service...
         Starting Journal Service...
[    8.097139] systemd[1]: Starting File System Check on Root Device...
         Starting File System Check on Root Device...
[    8.099261] systemd[1]: Starting Create list of required static device nodes for the current kernel...
         Starting Create list of required st... nodes for the cu[    8.101634] systemd[1]: Mounting Debug File System...
rrent kernel...
         Mountin[    8.102625] systemd[1]: Started Forward Password Requests to Wall Directory Watch.
g Debug File System...
[[0;32m  OK  [0m] Started Forward Password Requests to Wall Directory Watch.
[    8.105718] systemd[1]: Mounted POSIX Message Queue File System.
[[0;32m  OK  [0m] Mounted POSIX Message Queue File System.
[    8.107367] systemd[1]: Mounted Huge Pages File System.
[[0;32m  OK  [0m] Mounted Huge Pages File System.
[    8.109116] systemd[1]: Mounted Debug File System.
[[0;32m  OK  [0m] Mounted Debug File System.
[    8.110865] systemd[1]: Started Uncomplicated firewall.
[[0;32m  OK  [0m] Started Uncomplicated firewall.
[    8.113664] systemd[1]: Started Create list of required static device nodes for the current kernel.
[[0;32m  OK  [0m] Started Create list of required sta...ce nodes for the current kernel.
[    8.116432] systemd[1]: Started Nameserver information manager.
[[0;32m  OK  [0m] Started Nameserver information manager.
[    8.119822] systemd[1]: Started LVM2 metadata daemon.
[[0;32m  OK  [0m] Started LVM2 metadata daemon.
[    8.128998] systemd[1]: Started File System Check Daemon to report status.
[[0;32m  OK  [0m] Started File System Check Daemon to report status.
[    8.131147] systemd[1]: Starting Create Static Device Nodes in /dev...
         Starting Create Static Device Nodes in /dev...
[    8.133652] systemd[1]: Started File System Check on Root Device.
[    8.134674] iscsi: registered transport (tcp)
[[0;32m  OK  [0m] Started File System Check on Root Device.
[    8.136338] systemd[1]: Starting Remount Root and Kernel File Systems...
         Starting Remount Root and Kernel File Systems...
[    8.139486] EXT4-fs (sda1): re-mounted. Opts: (null)
[    8.141695] systemd[1]: Started Remount Root and Kernel File Systems.
[[0;32m  OK  [0m] Started Remount Root and Kernel File Systems.
[    8.143491] systemd[1]: Started Journal Service.
[[0;32m  OK  [0m] Started Journal Service.
         Starting Load/Save Random Seed...
         Starting Flush Journal to Persistent Storage...
         Starting udev Coldplug all Devices...
[[0;32m  OK  [0m] Started Load/Save Random Seed.
[[0;32m  OK  [0m] Started Create Static Device Nodes in /dev.
         Starting udev Kernel Device Manager...
[[0;32m  OK  [0m] Started Set console keymap.
[    8.167739] systemd-journald[392]: Received request to flush runtime journal from PID 1
[[0;32m  OK  [0m] Started Flush Journal to Persistent Storage.
[[0;32m  OK  [0m] Started udev Kernel Device Manager.
[[0;32m  OK  [0m] Started udev Coldplug all Devices.
[[0;32m  OK  [0m] Started Dispatch Password Requests to Console Directory Watch.
[    8.190785] iscsi: registered transport (iser)
[[0;32m  OK  [0m] Started Load Kernel Modules.
         Starting Apply Kernel Variables...
         Mounting FUSE Control File System...
[[0;32m  OK  [0m] Mounted FUSE Control File System.
[[0;32m  OK  [0m] Started Apply Kernel Variables.
[[0;32m  OK  [0m] Found device /dev/ttyS0.
[[0;32m  OK  [0m] Listening on Load/Save RF Kill Switch Status /dev/rfkill Watch.
[[0;32m  OK  [0m] Started Monitoring of LVM2 mirrors,...ng dmeventd or progress polling.
[[0;32m  OK  [0m] Reached target Local File Systems (Pre).
[[0;32m  OK  [0m] Reached target Local File Systems.
         Starting Initial cloud-init job (pre-networking)...
         Starting Create Volatile Files and Directories...
         Starting Tell Plymouth To Write Out Runtime Data...
         Starting Set console font and keymap...
         Starting LSB: AppArmor initialization...
[[0;32m  OK  [0m] Started Create Volatile Files and Directories.
         Starting Update UTMP about System Boot/Shutdown...
[[0;32m  OK  [0m] Started Tell Plymouth To Write Out Runtime Data.
[[0;32m  OK  [0m] Started Update UTMP about System Boot/Shutdown.
[[0;32m  OK  [0m] Found device 82540EM Gigabit Ethern...r (PRO/1000 MT Desktop Adapter).
[[0;32m  OK  [0m] Started LSB: AppArmor initialization.
[[0;32m  OK  [0m] Found device 82540EM Gigabit Ethern...r (PRO/1000 MT Desktop Adapter).
         Starting Load AppArmor profiles managed internally by snapd...
[[0;32m  OK  [0m] Started Load AppArmor profiles managed internally by snapd.
[    8.772439] cloud-init[539]: Cloud-init v. 21.1-19-gbad84ad4-0ubuntu1~16.04.2 running 'init-local' at Thu, 10 Jun 2021 07:27:16 +0000. Up 8.59 seconds.
[[0;32m  OK  [0m] Started Initial cloud-init job (pre-networking).
[[0;32m  OK  [0m] Reached target Network (Pre).
[[0;32m  OK  [0m] Started ifup for enp0s8.
         Starting Raise network interfaces...
[[0;32m  OK  [0m] Started ifup for enp0s3.
[[0;32m  OK  [0m] Started Set console font and keymap.
[[0;32m  OK  [0m] Created slice system-getty.slice.
[[0;32m  OK  [0m] Started Raise network interfaces.
[[0;32m  OK  [0m] Reached target Network.
         Starting Initial cloud-init job (metadata service crawler)...
[    9.386308] cloud-init[1084]: Cloud-init v. 21.1-19-gbad84ad4-0ubuntu1~16.04.2 running 'init' at Thu, 10 Jun 2021 07:27:17 +0000. Up 9.24 seconds.
[    9.387728] cloud-init[1084]: ci-info: ++++++++++++++++++++++++++++++++++++++Net device info+++++++++++++++++++++++++++++++++++++++
[    9.389061] cloud-init[1084]: ci-info: +--------+------+-----------------------------+---------------+--------+-------------------+
[    9.390426] cloud-init[1084]: ci-info: | Device |  Up  |           Address           |      Mask     | Scope  |     Hw-Address    |
[    9.391470] cloud-init[1084]: ci-info: +--------+------+-----------------------------+---------------+--------+-------------------+
[    9.392746] cloud-init[1084]: ci-info: | enp0s3 | True |          10.0.2.15          | 255.255.255.0 | global | 02:ed:98:3c:8e:82 |
[    9.394012] cloud-init[1084]: ci-info: | enp0s3 | True |  fe80::ed:98ff:fe3c:8e82/64 |       .       |  link  | 02:ed:98:3c:8e:82 |
[    9.395293] cloud-init[1084]: ci-info: | enp0s8 | True |        192.168.33.10        | 255.255.255.0 | global | 08:00:27:59:3d:47 |
[    9.396648] cloud-init[1084]: ci-info: | enp0s8 | True | fe80::a00:27ff:fe59:3d47/64 |       .       |  link  | 08:00:27:59:3d:47 |
[    9.404440] cloud-init[1084]: ci-info: |   lo   | True |          127.0.0.1          |   255.0.0.0   |  host  |         .         |
[    9.412378] cloud-init[1084]: ci-info: |   lo   | True |           ::1/128           |       .       |  host  |         .         |
[    9.420349] cloud-init[1084]: ci-info: +--------+------+-----------------------------+---------------+--------+-------------------+
[[0;32m  OK  [0m] Started Initial cloud-init job (metadata service crawler).
[    9.420471] cloud-init[1084]: ci-info: ++++++++++++++++++++++++++++Route IPv4 info++++++++++++++++++++++++++++
[    9.422585] cloud-init[1084]: ci-info: +-------+--------------+----------+---------------+-----------+-------+
[    9.422715] cloud-init[1084]: ci-info: | Route | Destination  | Gateway  |    Genmask    | Interface | Flags |
[[0;32m  OK  [0m] Reached target System Initialization.
[    9.422837] cloud-init[1084]: ci-info: +-------+--------------+----------+---------------+-----------+-------+
[    9.425146] cloud-init[1084]: ci-info: |   0   |   0.0.0.0    | 10.0.2.2 |    0.0.0.0    |   enp0s3  |   UG  |
[    9.425368] cloud-init[1084]: ci-info: |   1   |   10.0.2.0   | 0.0.0.0  | 255.255.255.0 |   enp0s3  |   U   |
[    9.425602] cloud-init[1084]: ci-info: |   2   | 192.168.33.0 | 0.0.0.0  | 255.255.255.0 |   enp0s8  |   U   |
[    9.425822] cloud-init[1084]: ci-info: +-------+--------------+----------+---------------+-----------+-------+
[    9.426054] cloud-init[1084]: ci-info: +++++++++++++++++++Route IPv6 info+++++++++++++++++++
[    9.426271] cloud-init[1084]: ci-info: +-------+-------------+---------+-----------+-------+
[    9.426501] cloud-init[1084]: ci-info: | Route | Destination | Gateway | Interface | Flags |
[    9.426731] cloud-init[1084]: ci-info: +-------+-------------+---------+-----------+-------+
[    9.426949] cloud-init[1084]: ci-info: |   0   |  fe80::/64  |    ::   |   enp0s8  |   U   |
[[0;32m  OK  [0m] Listening on D-Bus System Message Bus Socket.
[    9.427038] cloud-init[1084]: ci-info: |   1   |  fe80::/64  |    ::   |   enp0s3  |   U   |
[    9.433144] cloud-init[1084]: ci-info: |   4   |   ff00::/8  |    ::   |   enp0s8  |   U   |
[    9.433360] cloud-init[1084]: ci-info: |   5   |   ff00::/8  |    ::   |   enp0s3  |   U   |
[[0;32m  OK  [0m] Started Daily Cleanup of Temporary Directories.
[    9.433482] cloud-init[1084]: ci-info: +-------+-------------+---------+-----------+-------+
         Starting LXD - unix socket.
[[0;32m  OK  [0m] Listening on UUID daemon activation socket.
[[0;32m  OK  [0m] Listening on ACPID Listen Socket.
[[0;32m  OK  [0m] Started Daily apt download activities.
[[0;32m  OK  [0m] Started Daily apt upgrade and clean activities.
         Starting Socket activation for snappy daemon.
[[0;32m  OK  [0m] Started Message of the Day.
[[0;32m  OK  [0m] Reached target Timers.
[[0;32m  OK  [0m] Started ACPI Events Check.
[[0;32m  OK  [0m] Reached target Paths.
[[0;32m  OK  [0m] Reached target Cloud-config availability.
[[0;32m  OK  [0m] Reached target Network is Online.
         Starting iSCSI initiator daemon (iscsid)...
[[0;32m  OK  [0m] Listening on LXD - unix socket.
[[0;32m  OK  [0m] Listening on Socket activation for snappy daemon.
[[0;32m  OK  [0m] Reached target Sockets.
[[0;32m  OK  [0m] Reached target Basic System.
         Starting Virtualbox guest utils...
[[0;32m  OK  [0m] Started Regular background program processing daemon.
         Starting LSB: MD monitoring daemon...
[[0;32m  OK  [0m] Started D-Bus System Message Bus.
         Starting Message of the Day...
[[0;32m  OK  [0m] Started FUSE filesystem for LXC.
[[0;32m  OK  [0m] Started Deferred execution scheduler.
         Starting Accounts Service...
         Starting System Logging Service...
         Starting Login Service...
         Starting LSB: Record successful boot for GRUB...
[[0;32m  OK  [0m] Started ACPI event daemon.
         Starting Snap Daemon...
         Starting /etc/rc.local Compatibility...
         Starting OpenBSD Secure Shell server...
         Starting LXD - container startup/shutdown...
[[0;32m  OK  [0m] Started System Logging Service.
[[0;32m  OK  [0m] Started Message of the Day.
[[0;32m  OK  [0m] Started /etc/rc.local Compatibility.
[[0;32m  OK  [0m] Started iSCSI initiator daemon (iscsid).
         Starting Login to default iSCSI targets...
[[0;32m  OK  [0m] Started Login Service.
[[0;32m  OK  [0m] Started Unattended Upgrades Shutdown.
[[0;32m  OK  [0m] Started OpenBSD Secure Shell server.
[[0;32m  OK  [0m] Started LSB: MD monitoring daemon.
[[0;32m  OK  [0m] Started LSB: Record successful boot for GRUB.
[[0;32m  OK  [0m] Started Login to default iSCSI targets.
         Starting Authenticate and Authorize Users to Run Privileged Tasks...
[[0;32m  OK  [0m] Reached target Remote File Systems (Pre).
         Mounting /var/www/html...
         Mounting /vagrant...
[[0;1;31mFAILED[0m] Failed to mount /var/www/html.
See 'systemctl status var-www-html.mount' for details.
[[0;1;33mDEPEND[0m] Dependency failed for Remote File Systems.
[[0;1;31mFAILED[0m] Failed to mount /vagrant.
See 'systemctl status vagrant.mount' for details.
[[0;32m  OK  [0m] Started Authenticate and Authorize Users to Run Privileged Tasks.
[[0;32m  OK  [0m] Started Accounts Service.
         Starting LSB: automatic crash report generation...
         Starting LSB: daemon to balance interrupts for SMP systems...
         Starting LSB: Apache2 web server...
         Starting Permit User Sessions...
         Starting LSB: Set the CPU Frequency Scaling governor to "ondemand"...
[[0;32m  OK  [0m] Started Permit User Sessions.
[[0;32m  OK  [0m] Started LSB: Set the CPU Frequency Scaling governor to "ondemand".
         Starting Terminate Plymouth Boot Screen...
         Starting Hold until boot process finishes up...
[[0;32m  OK  [0m] Started Hold until boot process finishes up.
         Starting Set console scheme...
[[0;32m  OK  [0m] Started Getty on tty1.
[[0;32m  OK  [0m] Started Serial Getty on ttyS0.
[[0;32m  OK  [0m] Reached target Login Prompts.
[[0;32m  OK  [0m] Started Set console scheme.
[[0;32m  OK  [0m] Started LXD - container startup/shutdown.
[[0;32m  OK  [0m] Started Terminate Plymouth Boot Screen.
[[0;32m  OK  [0m] Started LSB: automatic crash report generation.
[[0;32m  OK  [0m] Started Virtualbox guest utils.
[[0;32m  OK  [0m] Started LSB: daemon to balance interrupts for SMP systems.
[[0;32m  OK  [0m] Started Snap Daemon.
         Starting Wait until snapd is fully seeded...
[[0;32m  OK  [0m] Started Wait until snapd is fully seeded.
         Starting Apply the settings specified in cloud-config...
[   10.021442] cloud-init[1366]: Cloud-init v. 21.1-19-gbad84ad4-0ubuntu1~16.04.2 running 'modules:config' at Thu, 10 Jun 2021 07:27:17 +0000. Up 9.96 seconds.
[[0;32m  OK  [0m] Started Apply the settings specified in cloud-config.
[[0;32m  OK  [0m] Started LSB: Apache2 web server.
[[0;32m  OK  [0m] Reached target Multi-User System.
         Starting Execute cloud user/final scripts...
[[0;32m  OK  [0m] Reached target Graphical Interface.
         Starting Update UTMP about System Runlevel Changes...
[[0;32m  OK  [0m] Started Update UTMP about System Runlevel Changes.
[   11.181204] cloud-init[1387]: Cloud-init v. 21.1-19-gbad84ad4-0ubuntu1~16.04.2 running 'modules:final' at Thu, 10 Jun 2021 07:27:18 +0000. Up 11.11 seconds.
[   11.182719] cloud-init[1387]: Cloud-init v. 21.1-19-gbad84ad4-0ubuntu1~16.04.2 finished at Thu, 10 Jun 2021 07:27:19 +0000. Datasource DataSourceNoCloud [seed=/dev/sdb][dsmode=net].  Up 11.17 seconds
[[0;32m  OK  [0m] Started Execute cloud user/final scripts.
         Starting Daily apt download activities...
[[0;32m  OK  [0m] Reached target Cloud-init target.
[[0;32m  OK  [0m] Created slice User Slice of vagrant.
         Starting User Manager for UID 1000...
[[0;32m  OK  [0m] Started Session 1 of user vagrant.
[[0;32m  OK  [0m] Started User Manager for UID 1000.

Ubuntu 16.04.7 LTS ubuntu-xenial ttyS0

ubuntu-xenial login: 